2020-11-10 10:48:31,096 - INFO - 登录界面-登录功能界面，等待元素('name', 'username')可见
2020-11-10 10:48:31,149 - INFO - 等待元素('name', 'username')可见结束，开始时间2020-11-10 10:48:31.097124,结束时间2020-11-10 10:48:31.149843,等待时长0
2020-11-10 10:48:31,150 - INFO - 登录界面-登录功能界面，查找元素：('id', 'tab-password')
2020-11-10 10:48:31,722 - INFO - 登录界面-登录功能点击元素('id', 'tab-password')[0]
2020-11-10 10:48:31,830 - INFO - 登录界面-登录功能界面，查找元素：('name', 'username')
2020-11-10 10:48:32,213 - INFO - 登录界面-登录功能,元素('name', 'username')[0]输入hnadmin
2020-11-10 10:48:32,214 - INFO - 登录界面-登录功能界面，查找元素：('name', 'password')
2020-11-10 10:48:32,547 - INFO - 登录界面-登录功能,元素('name', 'password')[0]输入1qaz!QAZ
2020-11-10 10:48:32,548 - INFO - 登录界面-登录功能界面，查找元素：('name', 'verificationCode')
2020-11-10 10:48:32,788 - INFO - 登录界面-登录功能,元素('name', 'verificationCode')[0]输入9527
2020-11-10 10:48:32,789 - INFO - 登录界面-登录功能界面，查找元素：('xpath', '//button[contains(@class,el-button)]/span[contains(text(),"登 录")]')
2020-11-10 10:48:33,344 - INFO - 登录界面-登录功能点击元素('xpath', '//button[contains(@class,el-button)]/span[contains(text(),"登 录")]')[0]
2020-11-10 10:48:33,427 - INFO - 子系统菜单界面，查找元素：('xpath', '//div[contains(text(),"内部控制子系统")]')
2020-11-10 10:48:40,621 - INFO - 子系统菜单点击元素('xpath', '//div[contains(text(),"内部控制子系统")]')[0]
2020-11-10 10:48:40,946 - INFO - 展开菜单界面，查找元素：('xpath', '//i[@title="展开菜单"]')
2020-11-10 10:48:41,534 - INFO - 展开菜单点击元素('xpath', '//i[@title="展开菜单"]')[0]
2020-11-10 10:48:41,782 - INFO - 业务规范设置管理菜单界面，查找元素：('xpath', '//span[text()="业务规范设置管理"]')
2020-11-10 10:48:42,374 - INFO - 业务规范设置管理菜单点击元素('xpath', '//span[text()="业务规范设置管理"]')[0]
2020-11-10 10:48:42,489 - INFO - 服务事项维护模块界面，查找元素：('xpath', '//span[text()="服务事项维护"]')
2020-11-10 10:48:43,076 - INFO - 服务事项维护模块点击元素('xpath', '//span[text()="服务事项维护"]')[0]
2020-11-10 10:48:43,291 - INFO - 界面，查找元素：('xpath', '//*[@id="pane-ICSB01SERVMATT000001"]/div/iframe')
2020-11-10 10:48:43,389 - INFO - 服务事项维护首页进入iframe界面('xpath', '//*[@id="pane-ICSB01SERVMATT000001"]/div/iframe')[0]
2020-11-10 10:49:43,467 - INFO - 服务事项维护首页界面，查找元素：('xpath', '//div[contains(@id,"el-collapse-head-")]/div/button')
2020-11-10 10:50:14,003 - INFO - 服务事项维护首页点击元素('xpath', '//div[contains(@id,"el-collapse-head-")]/div/button')[0]
2020-11-10 10:50:14,004 - INFO - 服务事项维护首页点击元素('xpath', '//div[contains(@id,"el-collapse-head-")]/div/button')[0]失败！
2020-11-10 10:50:14,339 - INFO - 已截图保存，截图保存在:C:\Users\Administrator\PycharmProjects\cspytest\OutPuts\screenshot
